<?xml version="1.0" encoding="UTF-8"?>
<testsuite xmlns:xsi="http://www.w3.org/2001/XMLSchema-instance" xsi:noNamespaceSchemaLocation="https://maven.apache.org/surefire/maven-surefire-plugin/xsd/surefire-test-report-3.0.xsd" version="3.0" name="ParameterizedTest" time="7.855" tests="22" errors="0" skipped="0" failures="4">
  <properties>
    <property name="sun.desktop" value="windows"/>
    <property name="awt.toolkit" value="sun.awt.windows.WToolkit"/>
    <property name="java.specification.version" value="10"/>
    <property name="file.encoding.pkg" value="sun.io"/>
    <property name="sun.cpu.isalist" value="amd64"/>
    <property name="sun.jnu.encoding" value="Cp1251"/>
    <property name="java.class.path" value="E:\Java\NearbySearch\target\test-classes;E:\Java\NearbySearch\target\classes;C:\Users\Logi\.m2\repository\junit\junit\4.12\junit-4.12.jar;C:\Users\Logi\.m2\repository\org\hamcrest\hamcrest-core\1.3\hamcrest-core-1.3.jar;C:\Users\Logi\.m2\repository\com\tngtech\java\junit-dataprovider\1.13.1\junit-dataprovider-1.13.1.jar;C:\Users\Logi\.m2\repository\com\mashape\unirest\unirest-java\1.4.9\unirest-java-1.4.9.jar;C:\Users\Logi\.m2\repository\org\apache\httpcomponents\httpclient\4.5.2\httpclient-4.5.2.jar;C:\Users\Logi\.m2\repository\org\apache\httpcomponents\httpcore\4.4.4\httpcore-4.4.4.jar;C:\Users\Logi\.m2\repository\commons-logging\commons-logging\1.2\commons-logging-1.2.jar;C:\Users\Logi\.m2\repository\commons-codec\commons-codec\1.9\commons-codec-1.9.jar;C:\Users\Logi\.m2\repository\org\apache\httpcomponents\httpasyncclient\4.1.1\httpasyncclient-4.1.1.jar;C:\Users\Logi\.m2\repository\org\apache\httpcomponents\httpcore-nio\4.4.4\httpcore-nio-4.4.4.jar;C:\Users\Logi\.m2\repository\org\apache\httpcomponents\httpmime\4.5.2\httpmime-4.5.2.jar;C:\Users\Logi\.m2\repository\org\json\json\20160212\json-20160212.jar;C:\Users\Logi\.m2\repository\com\fasterxml\jackson\core\jackson-core\2.9.8\jackson-core-2.9.8.jar;C:\Users\Logi\.m2\repository\com\fasterxml\jackson\core\jackson-annotations\2.9.8\jackson-annotations-2.9.8.jar;C:\Users\Logi\.m2\repository\com\fasterxml\jackson\core\jackson-databind\2.9.8\jackson-databind-2.9.8.jar;C:\Users\Logi\.m2\repository\com\googlecode\json-simple\json-simple\1.1.1\json-simple-1.1.1.jar;C:\Users\Logi\.m2\repository\commons-lang\commons-lang\2.4\commons-lang-2.4.jar;"/>
    <property name="java.vm.vendor" value="&quot;Oracle Corporation&quot;"/>
    <property name="sun.arch.data.model" value="64"/>
    <property name="user.variant" value=""/>
    <property name="java.vendor.url" value="http://java.oracle.com/"/>
    <property name="user.timezone" value="Europe/Moscow"/>
    <property name="java.vm.specification.version" value="10"/>
    <property name="os.name" value="Windows 10"/>
    <property name="sun.java.launcher" value="SUN_STANDARD"/>
    <property name="user.country" value="RU"/>
    <property name="sun.boot.library.path" value="C:\Program Files\Java\jdk-10.0.1\bin"/>
    <property name="sun.java.command" value="C:\Users\Logi\AppData\Local\Temp\surefire7451374088288699322\surefirebooter640655397627629178.jar C:\Users\Logi\AppData\Local\Temp\surefire7451374088288699322 2019-02-11T22-01-06_784-jvmRun1 surefire6561773684701785712tmp surefire_011036790601756971009tmp"/>
    <property name="jdk.debug" value="release"/>
    <property name="surefire.test.class.path" value="E:\Java\NearbySearch\target\test-classes;E:\Java\NearbySearch\target\classes;C:\Users\Logi\.m2\repository\junit\junit\4.12\junit-4.12.jar;C:\Users\Logi\.m2\repository\org\hamcrest\hamcrest-core\1.3\hamcrest-core-1.3.jar;C:\Users\Logi\.m2\repository\com\tngtech\java\junit-dataprovider\1.13.1\junit-dataprovider-1.13.1.jar;C:\Users\Logi\.m2\repository\com\mashape\unirest\unirest-java\1.4.9\unirest-java-1.4.9.jar;C:\Users\Logi\.m2\repository\org\apache\httpcomponents\httpclient\4.5.2\httpclient-4.5.2.jar;C:\Users\Logi\.m2\repository\org\apache\httpcomponents\httpcore\4.4.4\httpcore-4.4.4.jar;C:\Users\Logi\.m2\repository\commons-logging\commons-logging\1.2\commons-logging-1.2.jar;C:\Users\Logi\.m2\repository\commons-codec\commons-codec\1.9\commons-codec-1.9.jar;C:\Users\Logi\.m2\repository\org\apache\httpcomponents\httpasyncclient\4.1.1\httpasyncclient-4.1.1.jar;C:\Users\Logi\.m2\repository\org\apache\httpcomponents\httpcore-nio\4.4.4\httpcore-nio-4.4.4.jar;C:\Users\Logi\.m2\repository\org\apache\httpcomponents\httpmime\4.5.2\httpmime-4.5.2.jar;C:\Users\Logi\.m2\repository\org\json\json\20160212\json-20160212.jar;C:\Users\Logi\.m2\repository\com\fasterxml\jackson\core\jackson-core\2.9.8\jackson-core-2.9.8.jar;C:\Users\Logi\.m2\repository\com\fasterxml\jackson\core\jackson-annotations\2.9.8\jackson-annotations-2.9.8.jar;C:\Users\Logi\.m2\repository\com\fasterxml\jackson\core\jackson-databind\2.9.8\jackson-databind-2.9.8.jar;C:\Users\Logi\.m2\repository\com\googlecode\json-simple\json-simple\1.1.1\json-simple-1.1.1.jar;C:\Users\Logi\.m2\repository\commons-lang\commons-lang\2.4\commons-lang-2.4.jar;"/>
    <property name="sun.cpu.endian" value="little"/>
    <property name="user.home" value="C:\Users\Logi"/>
    <property name="user.language" value="ru"/>
    <property name="java.specification.vendor" value="Oracle Corporation"/>
    <property name="java.version.date" value="2018-04-17"/>
    <property name="java.home" value="C:\Program Files\Java\jdk-10.0.1"/>
    <property name="file.separator" value="\"/>
    <property name="basedir" value="E:\Java\NearbySearch"/>
    <property name="java.vm.compressedOopsMode" value="Zero based"/>
    <property name="line.separator" value="&#10;"/>
    <property name="java.specification.name" value="Java Platform API Specification"/>
    <property name="java.vm.specification.vendor" value="Oracle Corporation"/>
    <property name="java.awt.graphicsenv" value="sun.awt.Win32GraphicsEnvironment"/>
    <property name="surefire.real.class.path" value="C:\Users\Logi\AppData\Local\Temp\surefire7451374088288699322\surefirebooter640655397627629178.jar"/>
    <property name="user.script" value=""/>
    <property name="sun.management.compiler" value="HotSpot 64-Bit Tiered Compilers"/>
    <property name="java.runtime.version" value="10.0.1+10"/>
    <property name="user.name" value="Logi"/>
    <property name="path.separator" value=";"/>
    <property name="os.version" value="10.0"/>
    <property name="java.runtime.name" value="Java(TM) SE Runtime Environment"/>
    <property name="file.encoding" value="Cp1251"/>
    <property name="java.vm.name" value="Java HotSpot(TM) 64-Bit Server VM"/>
    <property name="java.vendor.version" value="18.3"/>
    <property name="localRepository" value="C:\Users\Logi\.m2\repository"/>
    <property name="java.vendor.url.bug" value="http://bugreport.java.com/bugreport/"/>
    <property name="java.io.tmpdir" value="C:\Users\Logi\AppData\Local\Temp\"/>
    <property name="java.version" value="10.0.1"/>
    <property name="user.dir" value="E:\Java\NearbySearch"/>
    <property name="os.arch" value="amd64"/>
    <property name="java.vm.specification.name" value="Java Virtual Machine Specification"/>
    <property name="java.awt.printerjob" value="sun.awt.windows.WPrinterJob"/>
    <property name="sun.os.patch.level" value=""/>
    <property name="java.library.path" value="C:\Program Files\Java\jdk-10.0.1\bin;C:\WINDOWS\Sun\Java\bin;C:\WINDOWS\system32;C:\WINDOWS;C:\Program Files (x86)\Common Files\Oracle\Java\javapath;C:\Windows\system32;C:\Windows;C:\Windows\System32\Wbem;C:\Windows\System32\WindowsPowerShell\v1.0\;C:\Program Files (x86)\NVIDIA Corporation\PhysX\Common;C:\WINDOWS\system32;C:\WINDOWS;C:\WINDOWS\System32\Wbem;C:\WINDOWS\System32\WindowsPowerShell\v1.0\;C:\Program Files\PuTTY\;C:\WINDOWS\System32\OpenSSH\;C:\Program Files\nodejs\;C:\Program Files (x86)\MySQL\MySQL Utilities 1.6\;D:\Games\PICT\;C:\Program Files\apache-maven-3.6.0\bin;C:\Program Files\TortoiseSVN\bin;C:\Program Files\Git\cmd;C:\WINDOWS\system32\config\systemprofile\go;E:\Go\bin;C:\Users\Logi\AppData\Local\Programs\Python\Python37\Scripts\;C:\Users\Logi\AppData\Local\Programs\Python\Python37\;C:\Users\Logi\AppData\Local\Programs\Python\Python36-32\Scripts\;C:\Users\Logi\AppData\Local\Programs\Python\Python36-32\;C:\Users\Logi\AppData\Local\Microsoft\WindowsApps;C:\Users\Logi\AppData\Roaming\npm;C:\Users\Logi\AppData\Local\Programs\Fiddler;C:\Program Files\JetBrains\GoLand 2018.3.3\bin;;C:\Program Files\JetBrains\PyCharm Community Edition 2018.3.4\bin;;C:\Users\Logi\go\bin;."/>
    <property name="java.vendor" value="Oracle Corporation"/>
    <property name="java.vm.info" value="mixed mode"/>
    <property name="java.vm.version" value="10.0.1+10"/>
    <property name="sun.io.unicode.encoding" value="UnicodeLittle"/>
    <property name="java.class.version" value="54.0"/>
  </properties>
  <testcase name="positiveTest[0: 55.6372523,37.5203141, 25000, &lt;null&gt;, &lt;null&gt;, &lt;null&gt;, &lt;null&gt;, &lt;null&gt;, &lt;null&gt;, OK]" classname="ParameterizedTest" time="1.211"/>
  <testcase name="positiveTest[1: 55.6372523,37.5203141, &lt;null&gt;, &lt;null&gt;, distance, bar, &lt;null&gt;, &lt;null&gt;, &lt;null&gt;, OK]" classname="ParameterizedTest" time="0.409"/>
  <testcase name="positiveTest[2: 45.7701495,4.8517567, 1500, establishment, &lt;null&gt;, bar, 0, &lt;null&gt;, es, OK]" classname="ParameterizedTest" time="0.948"/>
  <testcase name="positiveTest[3: 45.7701495,4.8517567, &lt;null&gt;, establishment, distance, restaurant, &lt;null&gt;, &lt;null&gt;, en, OK]" classname="ParameterizedTest" time="0.76"/>
  <testcase name="positiveTest[4: 45.7701495,4.8517567, 2000, establishment, prominence, cafe, &lt;null&gt;, 4, &lt;null&gt;, OK]" classname="ParameterizedTest" time="0.814"/>
  <testcase name="positiveTest[5: 55.6372523,37.5203141, 50000, &lt;null&gt;, &lt;null&gt;, &lt;null&gt;, &lt;null&gt;, &lt;null&gt;, &lt;null&gt;, OK]" classname="ParameterizedTest" time="0.43"/>
  <testcase name="positiveTest[6: 55.6372523,37.5203141, 1, &lt;null&gt;, &lt;null&gt;, &lt;null&gt;, &lt;null&gt;, &lt;null&gt;, &lt;null&gt;, OK]" classname="ParameterizedTest" time="0.126"/>
  <testcase name="positiveTest[7: 90,180, 49999, &lt;null&gt;, &lt;null&gt;, &lt;null&gt;, &lt;null&gt;, &lt;null&gt;, &lt;null&gt;, OK]" classname="ParameterizedTest" time="0.226"/>
  <testcase name="positiveTest[8: -90,-180, 30000, &lt;null&gt;, &lt;null&gt;, &lt;null&gt;, &lt;null&gt;, &lt;null&gt;, &lt;null&gt;, OK]" classname="ParameterizedTest" time="0.156"/>
  <testcase name="positiveTest[9: 45.7701495,4.8517567, 10500, establishment, &lt;null&gt;, bar, 4, &lt;null&gt;, &lt;null&gt;, OK]" classname="ParameterizedTest" time="0.415"/>
  <testcase name="negativeTest[0: 45.7701495,4.8517567, 50000, &lt;null&gt;, &lt;null&gt;, bar, &lt;null&gt;, 0, &lt;null&gt;, ZERO_RESULTS]" classname="ParameterizedTest" time="0.365"/>
  <testcase name="negativeTest[1: &lt;null&gt;, 1, &lt;null&gt;, &lt;null&gt;, &lt;null&gt;, &lt;null&gt;, &lt;null&gt;, &lt;null&gt;, INVALID_REQUEST]" classname="ParameterizedTest" time="0.036"/>
  <testcase name="negativeTest[2: 91,-181, &lt;null&gt;, &lt;null&gt;, distance, bar, &lt;null&gt;, &lt;null&gt;, &lt;null&gt;, INVALID_REQUEST]" classname="ParameterizedTest" time="0.118"/>
  <testcase name="negativeTest[3: -91,181, &lt;null&gt;, &lt;null&gt;, distance, bar, &lt;null&gt;, &lt;null&gt;, &lt;null&gt;, INVALID_REQUEST]" classname="ParameterizedTest" time="0.036"/>
  <testcase name="negativeTest[4: 55,37, 50001, &lt;null&gt;, &lt;null&gt;, &lt;null&gt;, &lt;null&gt;, &lt;null&gt;, &lt;null&gt;, INVALID_REQUEST]" classname="ParameterizedTest" time="0.447">
    <failure message="expected:&lt;[INVALID_REQUEST]&gt; but was:&lt;[OK]&gt;" type="org.junit.ComparisonFailure"><![CDATA[org.junit.ComparisonFailure: expected:<[INVALID_REQUEST]> but was:<[OK]>
	at ParameterizedTest.negativeTest(ParameterizedTest.java:95)
]]></failure>
    <system-out><![CDATA[url: https://maps.googleapis.com/maps/api/place/nearbysearch/json?key=AIzaSyCyOG34X2U6iKWgvwGmukiaBaVr3-PkNs4&location=55,37&radius=50001
]]></system-out>
  </testcase>
  <testcase name="negativeTest[5: 22,-11, -1, &lt;null&gt;, &lt;null&gt;, &lt;null&gt;, &lt;null&gt;, &lt;null&gt;, &lt;null&gt;, INVALID_REQUEST]" classname="ParameterizedTest" time="0.036"/>
  <testcase name="negativeTest[6: 45.7701495,4.8517567, 2000, establishment, &lt;null&gt;, bar, 5, &lt;null&gt;, &lt;null&gt;, INVALID_REQUEST]" classname="ParameterizedTest" time="0.035"/>
  <testcase name="negativeTest[7: 45.7701495,4.8517567, 2000, establishment, &lt;null&gt;, bar, -1, &lt;null&gt;, &lt;null&gt;, INVALID_REQUEST]" classname="ParameterizedTest" time="0.387">
    <failure message="expected:&lt;[INVALID_REQUEST]&gt; but was:&lt;[OK]&gt;" type="org.junit.ComparisonFailure"><![CDATA[org.junit.ComparisonFailure: expected:<[INVALID_REQUEST]> but was:<[OK]>
	at ParameterizedTest.negativeTest(ParameterizedTest.java:95)
]]></failure>
    <system-out><![CDATA[url: https://maps.googleapis.com/maps/api/place/nearbysearch/json?key=AIzaSyCyOG34X2U6iKWgvwGmukiaBaVr3-PkNs4&location=45.7701495,4.8517567&radius=2000&keyword=establishment&type=bar&minprice=-1
]]></system-out>
  </testcase>
  <testcase name="negativeTest[8: 45.7701495,4.8517567, 2000, establishment, &lt;null&gt;, bar, &lt;null&gt;, 5, &lt;null&gt;, INVALID_REQUEST]" classname="ParameterizedTest" time="0.707">
    <failure message="expected:&lt;[INVALID_REQUEST]&gt; but was:&lt;[OK]&gt;" type="org.junit.ComparisonFailure"><![CDATA[org.junit.ComparisonFailure: expected:<[INVALID_REQUEST]> but was:<[OK]>
	at ParameterizedTest.negativeTest(ParameterizedTest.java:95)
]]></failure>
    <system-out><![CDATA[url: https://maps.googleapis.com/maps/api/place/nearbysearch/json?key=AIzaSyCyOG34X2U6iKWgvwGmukiaBaVr3-PkNs4&location=45.7701495,4.8517567&radius=2000&keyword=establishment&type=bar&maxprice=5
]]></system-out>
  </testcase>
  <testcase name="negativeTest[9: 45.7701495,4.8517567, 2000, establishment, &lt;null&gt;, bar, &lt;null&gt;, -1, &lt;null&gt;, INVALID_REQUEST]" classname="ParameterizedTest" time="0.052">
    <failure message="expected:&lt;[INVALID_REQUEST]&gt; but was:&lt;[OK]&gt;" type="org.junit.ComparisonFailure"><![CDATA[org.junit.ComparisonFailure: expected:<[INVALID_REQUEST]> but was:<[OK]>
	at ParameterizedTest.negativeTest(ParameterizedTest.java:95)
]]></failure>
    <system-out><![CDATA[url: https://maps.googleapis.com/maps/api/place/nearbysearch/json?key=AIzaSyCyOG34X2U6iKWgvwGmukiaBaVr3-PkNs4&location=45.7701495,4.8517567&radius=2000&keyword=establishment&type=bar&maxprice=-1
]]></system-out>
  </testcase>
  <testcase name="negativeTest[10: 55.6372523,37.5203141, 50000, &lt;null&gt;, distance, &lt;null&gt;, &lt;null&gt;, &lt;null&gt;, &lt;null&gt;, INVALID_REQUEST]" classname="ParameterizedTest" time="0.039"/>
  <testcase name="negativeTest[11: 45.7701495,4.8517567, 2000, &lt;null&gt;, distance, bar, &lt;null&gt;, &lt;null&gt;, &lt;null&gt;, INVALID_REQUEST]" classname="ParameterizedTest" time="0.034"/>
</testsuite>