<?xml version="1.0" encoding="UTF-8"?>
<testsuite xmlns:xsi="http://www.w3.org/2001/XMLSchema-instance" xsi:noNamespaceSchemaLocation="https://maven.apache.org/surefire/maven-surefire-plugin/xsd/surefire-test-report-3.0.xsd" version="3.0" name="ParameterizedTest" time="7.855" tests="22" errors="0" skipped="0" failures="4">
  <properties>
[...]
</properties>
  <testcase name="positiveTest[0: 55.6372523,37.5203141, 25000, &lt;null&gt;, &lt;null&gt;, &lt;null&gt;, &lt;null&gt;, &lt;null&gt;, &lt;null&gt;, OK]" classname="ParameterizedTest" time="1.211"/>
  <testcase name="positiveTest[1: 55.6372523,37.5203141, &lt;null&gt;, &lt;null&gt;, distance, bar, &lt;null&gt;, &lt;null&gt;, &lt;null&gt;, OK]" classname="ParameterizedTest" time="0.409"/>
  <testcase name="positiveTest[2: 45.7701495,4.8517567, 1500, establishment, &lt;null&gt;, bar, 0, &lt;null&gt;, es, OK]" classname="ParameterizedTest" time="0.948"/>
  <testcase name="positiveTest[3: 45.7701495,4.8517567, &lt;null&gt;, establishment, distance, restaurant, &lt;null&gt;, &lt;null&gt;, en, OK]" classname="ParameterizedTest" time="0.76"/>
  <testcase name="positiveTest[4: 45.7701495,4.8517567, 2000, establishment, prominence, cafe, &lt;null&gt;, 4, &lt;null&gt;, OK]" classname="ParameterizedTest" time="0.814"/>
  <testcase name="positiveTest[5: 55.6372523,37.5203141, 50000, &lt;null&gt;, &lt;null&gt;, &lt;null&gt;, &lt;null&gt;, &lt;null&gt;, &lt;null&gt;, OK]" classname="ParameterizedTest" time="0.43"/>
  <testcase name="positiveTest[6: 55.6372523,37.5203141, 1, &lt;null&gt;, &lt;null&gt;, &lt;null&gt;, &lt;null&gt;, &lt;null&gt;, &lt;null&gt;, OK]" classname="ParameterizedTest" time="0.126"/>
  <testcase name="positiveTest[7: 90,180, 49999, &lt;null&gt;, &lt;null&gt;, &lt;null&gt;, &lt;null&gt;, &lt;null&gt;, &lt;null&gt;, OK]" classname="ParameterizedTest" time="0.226"/>
  <testcase name="positiveTest[8: -90,-180, 30000, &lt;null&gt;, &lt;null&gt;, &lt;null&gt;, &lt;null&gt;, &lt;null&gt;, &lt;null&gt;, OK]" classname="ParameterizedTest" time="0.156"/>
  <testcase name="positiveTest[9: 45.7701495,4.8517567, 10500, establishment, &lt;null&gt;, bar, 4, &lt;null&gt;, &lt;null&gt;, OK]" classname="ParameterizedTest" time="0.415"/>
  <testcase name="negativeTest[0: 45.7701495,4.8517567, 50000, &lt;null&gt;, &lt;null&gt;, bar, &lt;null&gt;, 0, &lt;null&gt;, ZERO_RESULTS]" classname="ParameterizedTest" time="0.365"/>
  <testcase name="negativeTest[1: &lt;null&gt;, 1, &lt;null&gt;, &lt;null&gt;, &lt;null&gt;, &lt;null&gt;, &lt;null&gt;, &lt;null&gt;, INVALID_REQUEST]" classname="ParameterizedTest" time="0.036"/>
  <testcase name="negativeTest[2: 91,-181, &lt;null&gt;, &lt;null&gt;, distance, bar, &lt;null&gt;, &lt;null&gt;, &lt;null&gt;, INVALID_REQUEST]" classname="ParameterizedTest" time="0.118"/>
  <testcase name="negativeTest[3: -91,181, &lt;null&gt;, &lt;null&gt;, distance, bar, &lt;null&gt;, &lt;null&gt;, &lt;null&gt;, INVALID_REQUEST]" classname="ParameterizedTest" time="0.036"/>
  <testcase name="negativeTest[4: 55,37, 50001, &lt;null&gt;, &lt;null&gt;, &lt;null&gt;, &lt;null&gt;, &lt;null&gt;, &lt;null&gt;, INVALID_REQUEST]" classname="ParameterizedTest" time="0.447">
    <failure message="expected:&lt;[INVALID_REQUEST]&gt; but was:&lt;[OK]&gt;" type="org.junit.ComparisonFailure"><![CDATA[org.junit.ComparisonFailure: expected:<[INVALID_REQUEST]> but was:<[OK]>
	at ParameterizedTest.negativeTest(ParameterizedTest.java:95)
]]></failure>
    <system-out><![CDATA[url: https://maps.googleapis.com/maps/api/place/nearbysearch/json?key=AIzaSyCyOG34X2U6iKWgvwGmukiaBaVr3-PkNs4&location=55,37&radius=50001
]]></system-out>
  </testcase>
  <testcase name="negativeTest[5: 22,-11, -1, &lt;null&gt;, &lt;null&gt;, &lt;null&gt;, &lt;null&gt;, &lt;null&gt;, &lt;null&gt;, INVALID_REQUEST]" classname="ParameterizedTest" time="0.036"/>
  <testcase name="negativeTest[6: 45.7701495,4.8517567, 2000, establishment, &lt;null&gt;, bar, 5, &lt;null&gt;, &lt;null&gt;, INVALID_REQUEST]" classname="ParameterizedTest" time="0.035"/>
  <testcase name="negativeTest[7: 45.7701495,4.8517567, 2000, establishment, &lt;null&gt;, bar, -1, &lt;null&gt;, &lt;null&gt;, INVALID_REQUEST]" classname="ParameterizedTest" time="0.387">
    <failure message="expected:&lt;[INVALID_REQUEST]&gt; but was:&lt;[OK]&gt;" type="org.junit.ComparisonFailure"><![CDATA[org.junit.ComparisonFailure: expected:<[INVALID_REQUEST]> but was:<[OK]>
	at ParameterizedTest.negativeTest(ParameterizedTest.java:95)
]]></failure>
    <system-out><![CDATA[url: https://maps.googleapis.com/maps/api/place/nearbysearch/json?key=AIzaSyCyOG34X2U6iKWgvwGmukiaBaVr3-PkNs4&location=45.7701495,4.8517567&radius=2000&keyword=establishment&type=bar&minprice=-1
]]></system-out>
  </testcase>
  <testcase name="negativeTest[8: 45.7701495,4.8517567, 2000, establishment, &lt;null&gt;, bar, &lt;null&gt;, 5, &lt;null&gt;, INVALID_REQUEST]" classname="ParameterizedTest" time="0.707">
    <failure message="expected:&lt;[INVALID_REQUEST]&gt; but was:&lt;[OK]&gt;" type="org.junit.ComparisonFailure"><![CDATA[org.junit.ComparisonFailure: expected:<[INVALID_REQUEST]> but was:<[OK]>
	at ParameterizedTest.negativeTest(ParameterizedTest.java:95)
]]></failure>
    <system-out><![CDATA[url: https://maps.googleapis.com/maps/api/place/nearbysearch/json?key=AIzaSyCyOG34X2U6iKWgvwGmukiaBaVr3-PkNs4&location=45.7701495,4.8517567&radius=2000&keyword=establishment&type=bar&maxprice=5
]]></system-out>
  </testcase>
  <testcase name="negativeTest[9: 45.7701495,4.8517567, 2000, establishment, &lt;null&gt;, bar, &lt;null&gt;, -1, &lt;null&gt;, INVALID_REQUEST]" classname="ParameterizedTest" time="0.052">
    <failure message="expected:&lt;[INVALID_REQUEST]&gt; but was:&lt;[OK]&gt;" type="org.junit.ComparisonFailure"><![CDATA[org.junit.ComparisonFailure: expected:<[INVALID_REQUEST]> but was:<[OK]>
	at ParameterizedTest.negativeTest(ParameterizedTest.java:95)
]]></failure>
    <system-out><![CDATA[url: https://maps.googleapis.com/maps/api/place/nearbysearch/json?key=AIzaSyCyOG34X2U6iKWgvwGmukiaBaVr3-PkNs4&location=45.7701495,4.8517567&radius=2000&keyword=establishment&type=bar&maxprice=-1
]]></system-out>
  </testcase>
  <testcase name="negativeTest[10: 55.6372523,37.5203141, 50000, &lt;null&gt;, distance, &lt;null&gt;, &lt;null&gt;, &lt;null&gt;, &lt;null&gt;, INVALID_REQUEST]" classname="ParameterizedTest" time="0.039"/>
  <testcase name="negativeTest[11: 45.7701495,4.8517567, 2000, &lt;null&gt;, distance, bar, &lt;null&gt;, &lt;null&gt;, &lt;null&gt;, INVALID_REQUEST]" classname="ParameterizedTest" time="0.034"/>
</testsuite>